$ bun --bun next dev
▲ Next.js 16.1.4 (Turbopack)
- Local:         http://localhost:3000
- Network:       http://192.168.0.2:3000

✓ Starting...
[MDX] generated files in 48.7340549999999ms
[MDX] started dev server
[MDX] started dev server
✓ Ready in 1046ms
[bun] Warning: async_hooks.createHook is not implemented in Bun. Hooks can still be created but will never be called.
[bun] Warning: async_hooks.executionAsyncId/triggerAsyncId are not implemented in Bun. It will return 0 every time.
 GET /about 200 in 4.3s (compile: 1743ms, render: 2.5s)
 GET /about 200 in 668ms (compile: 7ms, render: 662ms)
⚠ Found a change in next.config.mjs. Restarting the server to apply the changes...
[MDX] closing dev server
▲ Next.js 16.1.4 (Turbopack)
- Local:         http://localhost:3000
- Network:       http://192.168.0.2:3000

✓ Starting...
[MDX] generated files in 33.085560999999984ms
[MDX] started dev server
[MDX] started dev server
✓ Ready in 1033ms
[MDX] closing dev server
[?25h
