$ bun --bun next dev
▲ Next.js 16.1.4 (Turbopack)
- Local:         http://localhost:3000
- Network:       http://192.168.0.2:3000

✓ Starting...
Attention: Next.js now collects completely anonymous telemetry regarding usage.
This information is used to shape Next.js' roadmap and prioritize features.
You can learn more, including how to opt-out if you'd not like to participate in this anonymous program, by visiting the following URL:
https://nextjs.org/telemetry

[MDX] generated files in 35.620903ms
[MDX] started dev server
[MDX] started dev server
✓ Ready in 1435ms
○ Compiling /about ...
[bun] Warning: async_hooks.createHook is not implemented in Bun. Hooks can still be created but will never be called.
[bun] Warning: async_hooks.executionAsyncId/triggerAsyncId are not implemented in Bun. It will return 0 every time.
⨯ Error: Invalid src prop (https://contrib.nn.ci/api?repo=HITSZ-OpenAuto/HITSZ-OpenAuto&repo=HITSZ-OpenAuto/PHYS1002&repo=HITSZ-OpenAuto/course-template&repo=HITSZ-OpenAuto/hoa-moe&repo=HITSZ-OpenAuto/AUTO3002A&repo=HITSZ-OpenAuto/CHEM1012&repo=HITSZ-OpenAuto/AUTO2005&repo=HITSZ-OpenAuto/AUTO3003&repo=HITSZ-OpenAuto/AUTO3004&repo=HITSZ-OpenAuto/MATH1005&repo=HITSZ-OpenAuto/MATH1004&repo=HITSZ-OpenAuto/EE1011B&repo=HITSZ-OpenAuto/AUTO3007&repo=HITSZ-OpenAuto/COMP2050&repo=HITSZ-OpenAuto/AUTO3028&repo=HITSZ-OpenAuto/COMP1011&repo=HITSZ-OpenAuto/COMP2014&repo=HITSZ-OpenAuto/AUTO3005&repo=HITSZ-OpenAuto/AUTO3016&repo=HITSZ-OpenAuto/MATH1002&repo=HITSZ-OpenAuto/EE3005&repo=HITSZ-OpenAuto/AUTO2006&repo=HITSZ-OpenAuto/EE1007&repo=HITSZ-OpenAuto/EE1009&repo=HITSZ-OpenAuto/EE1010&repo=HITSZ-OpenAuto/EE1008&repo=HITSZ-OpenAuto/GEIP1018&repo=HITSZ-OpenAuto/EMEC1002&repo=HITSZ-OpenAuto/ECON2005F&repo=HITSZ-OpenAuto/AUTO1001&repo=HITSZ-OpenAuto/EE1012B&repo=HITSZ-OpenAuto/GEIP1011&repo=HITSZ-OpenAuto/GEIP1016&repo=HITSZ-OpenAuto/AUTO2003B&repo=HITSZ-OpenAuto/PHYS1001&repo=HITSZ-OpenAuto/LANG100X&repo=HITSZ-OpenAuto/EE1012A&repo=HITSZ-OpenAuto/MATH1015B&repo=HITSZ-OpenAuto/MECH2010&repo=HITSZ-OpenAuto/MOOC&repo=HITSZ-OpenAuto/AUTO3022&repo=HITSZ-OpenAuto/AUTO5013&repo=HITSZ-OpenAuto/AUTO3001A&repo=HITSZ-OpenAuto/EE1011A&repo=HITSZ-OpenAuto/MATH1015A&repo=HITSZ-OpenAuto/EE1013&repo=HITSZ-OpenAuto/PE100X&repo=HITSZ-OpenAuto/EE1014&repo=HITSZ-OpenAuto/AUTO2003A&repo=HITSZ-OpenAuto/AUTO5023&repo=HITSZ-OpenAuto/AUTO3001B&repo=HITSZ-OpenAuto/repos-management&repo=HITSZ-OpenAuto/AUTO3002B&repo=HITSZ-OpenAuto/AUTO3006&repo=HITSZ-OpenAuto/AUTO3099&repo=HITSZ-OpenAuto/AUTO5001&repo=HITSZ-OpenAuto/AUTO5002&repo=HITSZ-OpenAuto/AUTO5005&repo=HITSZ-OpenAuto/AUTO3024&repo=HITSZ-OpenAuto/AUTO5024&repo=HITSZ-OpenAuto/AUTO3011&repo=HITSZ-OpenAuto/WOCD1008&repo=HITSZ-OpenAuto/AUTO3019&repo=HITSZ-OpenAuto/WRIT0001&repo=HITSZ-OpenAuto/GeneralKnowledge&repo=HITSZ-OpenAuto/AUTO3012&repo=HITSZ-OpenAuto/MATH4004&repo=HITSZ-OpenAuto/EE2004&repo=HITSZ-OpenAuto/ENGG1003&repo=HITSZ-OpenAuto/ENGG1002&repo=HITSZ-OpenAuto/SPST1004&repo=HITSZ-OpenAuto/CrossSpecialty&repo=HITSZ-OpenAuto/SEIN1040&repo=HITSZ-OpenAuto/GEIP1015&repo=HITSZ-OpenAuto/GEIP1017&repo=HITSZ-OpenAuto/MATH4001&repo=HITSZ-OpenAuto/hoa-previewer&repo=HITSZ-OpenAuto/EE2003&repo=HITSZ-OpenAuto/EE3001&repo=HITSZ-OpenAuto/EE3015&repo=HITSZ-OpenAuto/EE3002&repo=HITSZ-OpenAuto/aextra&repo=HITSZ-OpenAuto/MECH2019&repo=HITSZ-OpenAuto/MECH2022&repo=HITSZ-OpenAuto/MATH4002&repo=HITSZ-OpenAuto/COMP2030&repo=HITSZ-OpenAuto/COMP2051&repo=HITSZ-OpenAuto/COMP3052&repo=HITSZ-OpenAuto/COMP2052&repo=HITSZ-OpenAuto/COMP2008&repo=HITSZ-OpenAuto/COMP2012&repo=HITSZ-OpenAuto/COMP3059&repo=HITSZ-OpenAuto/COMP3003&repo=HITSZ-OpenAuto/COMP3001&repo=HITSZ-OpenAuto/COMP3013&repo=HITSZ-OpenAuto/COMP3010&repo=HITSZ-OpenAuto/COMP3060&repo=HITSZ-OpenAuto/COMP2029&repo=HITSZ-OpenAuto/COMP2010&repo=HITSZ-OpenAuto/COMP3011&repo=HITSZ-OpenAuto/COMP3004&repo=HITSZ-OpenAuto/COMP3040&repo=HITSZ-OpenAuto/COMP3007&repo=HITSZ-OpenAuto/COMP3044&repo=HITSZ-OpenAuto/COMP3009&repo=HITSZ-OpenAuto/COMP3002&repo=HITSZ-OpenAuto/COMP3053&repo=HITSZ-OpenAuto/COMP3006&repo=HITSZ-OpenAuto/COMP3030&repo=HITSZ-OpenAuto/COMP3028&repo=HITSZ-OpenAuto/COMP3017&repo=HITSZ-OpenAuto/COMP3018&repo=HITSZ-OpenAuto/COMP3019&repo=HITSZ-OpenAuto/COMP3029&repo=HITSZ-OpenAuto/COMP3021&repo=HITSZ-OpenAuto/COMP3054&repo=HITSZ-OpenAuto/COMP3039&repo=HITSZ-OpenAuto/COMP3042&repo=HITSZ-OpenAuto/COMP3005&repo=HITSZ-OpenAuto/COMP3043&repo=HITSZ-OpenAuto/EE304X&repo=HITSZ-OpenAuto/hoa-fastdl&repo=HITSZ-OpenAuto/GEIP4004&repo=HITSZ-OpenAuto/EE1018&repo=HITSZ-OpenAuto/COMP2001&repo=HITSZ-OpenAuto/AUTO2001&repo=HITSZ-OpenAuto/EE30XX&repo=HITSZ-OpenAuto/hoa-majors&repo=HITSZ-OpenAuto/hoa-fuma&repo=HITSZ-OpenAuto/MECH3060&repo=HITSZ-OpenAuto/MECH3005&repo=HITSZ-OpenAuto/MECH3041&repo=HITSZ-OpenAuto/hoa-mirrors&repo=HITSZ-OpenAuto/MECH2020&repo=noname7321/HITSZ-OpenAuto) on `next/image`, hostname "contrib.nn.ci" is not configured under images in your `next.config.js`
See more info: https://nextjs.org/docs/messages/next-image-unconfigured-host
    at map (null) {
  digest: '3519862327@E231'
}
 GET /about 500 in 27.1s (compile: 25.2s, render: 1884ms)
⚠ Found a change in next.config.mjs. Restarting the server to apply the changes...
[MDX] closing dev server
▲ Next.js 16.1.4 (Turbopack)
- Local:         http://localhost:3000
- Network:       http://192.168.0.2:3000

✓ Starting...
[MDX] generated files in 38.64681899999982ms
[MDX] started dev server
[MDX] started dev server
✓ Ready in 1017ms
[MDX] closing dev server
[?25h
